::ffff:127.0.0.1 - - [12/Jun/2022:18:14:21 +0000] "GET / HTTP/1.1" 200 16 "-" "Thunder Client (https://www.thunderclient.com)"
::ffff:127.0.0.1 - - [12/Jun/2022:18:14:39 +0000] "GET / HTTP/1.1" 200 16 "-" "Thunder Client (https://www.thunderclient.com)"
::1 - - [12/Jun/2022:18:15:00 +0000] "GET / HTTP/1.1" 200 16 "-" "Mozilla/5.0 (Windows NT 10.0; Win64; x64; rv:101.0) Gecko/20100101 Firefox/101.0"
::ffff:127.0.0.1 - - [12/Jun/2022:19:12:18 +0000] "GET / HTTP/1.1" 200 16 "-" "Thunder Client (https://www.thunderclient.com)"
::ffff:127.0.0.1 - - [12/Jun/2022:19:12:19 +0000] "GET / HTTP/1.1" 200 16 "-" "Thunder Client (https://www.thunderclient.com)"
::ffff:127.0.0.1 - - [12/Jun/2022:19:12:42 +0000] "GET / HTTP/1.1" 404 38 "-" "Thunder Client (https://www.thunderclient.com)"
::ffff:127.0.0.1 - - [12/Jun/2022:19:13:20 +0000] "GET / HTTP/1.1" 200 16 "-" "Thunder Client (https://www.thunderclient.com)"
::ffff:127.0.0.1 - - [12/Jun/2022:19:13:32 +0000] "GET / HTTP/1.1" 404 38 "-" "Thunder Client (https://www.thunderclient.com)"
::ffff:127.0.0.1 - - [12/Jun/2022:19:13:33 +0000] "GET / HTTP/1.1" 404 38 "-" "Thunder Client (https://www.thunderclient.com)"
::ffff:127.0.0.1 - - [12/Jun/2022:19:13:33 +0000] "GET / HTTP/1.1" 404 38 "-" "Thunder Client (https://www.thunderclient.com)"
::ffff:127.0.0.1 - - [12/Jun/2022:19:13:34 +0000] "GET / HTTP/1.1" 404 38 "-" "Thunder Client (https://www.thunderclient.com)"
::ffff:127.0.0.1 - - [12/Jun/2022:19:13:34 +0000] "GET / HTTP/1.1" 404 38 "-" "Thunder Client (https://www.thunderclient.com)"
::ffff:127.0.0.1 - - [12/Jun/2022:19:13:34 +0000] "GET / HTTP/1.1" 404 38 "-" "Thunder Client (https://www.thunderclient.com)"
::ffff:127.0.0.1 - - [12/Jun/2022:19:13:34 +0000] "GET / HTTP/1.1" 404 38 "-" "Thunder Client (https://www.thunderclient.com)"
::ffff:127.0.0.1 - - [12/Jun/2022:19:13:35 +0000] "GET / HTTP/1.1" 404 38 "-" "Thunder Client (https://www.thunderclient.com)"
::ffff:127.0.0.1 - - [12/Jun/2022:19:13:35 +0000] "GET / HTTP/1.1" 404 38 "-" "Thunder Client (https://www.thunderclient.com)"
::ffff:127.0.0.1 - - [12/Jun/2022:19:13:35 +0000] "GET / HTTP/1.1" 404 38 "-" "Thunder Client (https://www.thunderclient.com)"
::1 - - [23/Jun/2022:18:28:01 +0000] "GET /customer/register HTTP/1.1" 404 22 "-" "insomnia/2022.4.2"
::1 - - [23/Jun/2022:18:28:05 +0000] "POST /customer/register HTTP/1.1" 200 2 "-" "insomnia/2022.4.2"
::1 - - [23/Jun/2022:18:29:25 +0000] "POST /customer/register HTTP/1.1" 200 2 "-" "insomnia/2022.4.2"
::1 - - [23/Jun/2022:18:29:31 +0000] "POST /customer/register HTTP/1.1" 200 2 "-" "insomnia/2022.4.2"
::1 - - [23/Jun/2022:18:34:06 +0000] "POST /customer/ HTTP/1.1" 200 2 "-" "insomnia/2022.4.2"
::1 - - [23/Jun/2022:18:34:09 +0000] "POST /customer HTTP/1.1" 200 2 "-" "insomnia/2022.4.2"
::1 - - [23/Jun/2022:18:44:12 +0000] "POST /customer HTTP/1.1" 200 2 "-" "insomnia/2022.4.2"
::1 - - [23/Jun/2022:18:45:16 +0000] "POST /customer HTTP/1.1" 200 2 "-" "insomnia/2022.4.2"
::1 - - [23/Jun/2022:18:45:32 +0000] "POST /customer HTTP/1.1" 200 2 "-" "insomnia/2022.4.2"
::1 - - [23/Jun/2022:18:48:12 +0000] "POST /customer HTTP/1.1" 200 152 "-" "insomnia/2022.4.2"
::1 - - [23/Jun/2022:18:51:36 +0000] "POST /customer HTTP/1.1" 200 196 "-" "insomnia/2022.4.2"
::1 - - [23/Jun/2022:18:57:57 +0000] "POST /customer HTTP/1.1" 500 36 "-" "insomnia/2022.4.2"
::1 - - [23/Jun/2022:18:58:07 +0000] "POST /customer HTTP/1.1" 500 36 "-" "insomnia/2022.4.2"
::1 - - [23/Jun/2022:18:58:07 +0000] "POST /customer HTTP/1.1" 500 36 "-" "insomnia/2022.4.2"
::1 - - [23/Jun/2022:18:58:10 +0000] "POST /customer HTTP/1.1" 500 36 "-" "insomnia/2022.4.2"
::1 - - [23/Jun/2022:18:58:13 +0000] "POST /customer HTTP/1.1" 500 36 "-" "insomnia/2022.4.2"
::1 - - [23/Jun/2022:18:58:25 +0000] "POST /customer HTTP/1.1" 500 36 "-" "insomnia/2022.4.2"
::1 - - [23/Jun/2022:18:59:19 +0000] "POST /customer HTTP/1.1" 500 128 "-" "insomnia/2022.4.2"
::1 - - [23/Jun/2022:18:59:32 +0000] "POST /customer HTTP/1.1" 500 128 "-" "insomnia/2022.4.2"
::1 - - [23/Jun/2022:18:59:41 +0000] "POST /customer HTTP/1.1" 200 198 "-" "insomnia/2022.4.2"
::1 - - [24/Jun/2022:12:59:36 +0000] "POST /customer HTTP/1.1" 200 198 "-" "insomnia/2022.4.2"
::1 - - [24/Jun/2022:13:21:56 +0000] "POST /customer HTTP/1.1" 200 2 "-" "insomnia/2022.4.2"
::1 - - [24/Jun/2022:13:23:33 +0000] "POST /customer HTTP/1.1" 200 2 "-" "insomnia/2022.4.2"
::1 - - [24/Jun/2022:13:24:03 +0000] "POST /customer HTTP/1.1" 200 2 "-" "insomnia/2022.4.2"
::1 - - [24/Jun/2022:13:33:30 +0000] "POST /customer HTTP/1.1" 200 2 "-" "insomnia/2022.4.2"
::1 - - [24/Jun/2022:13:38:48 +0000] "POST /customer HTTP/1.1" 500 122 "-" "insomnia/2022.4.2"
::1 - - [24/Jun/2022:13:39:38 +0000] "POST /customer HTTP/1.1" 500 122 "-" "insomnia/2022.4.2"
::1 - - [24/Jun/2022:13:40:06 +0000] "POST /customer HTTP/1.1" 200 2 "-" "insomnia/2022.4.2"
::1 - - [24/Jun/2022:13:40:45 +0000] "POST /customer HTTP/1.1" 200 2 "-" "insomnia/2022.4.2"
::1 - - [24/Jun/2022:13:40:51 +0000] "POST /customer HTTP/1.1" 200 2 "-" "insomnia/2022.4.2"
::1 - - [24/Jun/2022:13:41:12 +0000] "POST /customer HTTP/1.1" 200 2 "-" "insomnia/2022.4.2"
::1 - - [24/Jun/2022:13:41:30 +0000] "POST /customer HTTP/1.1" 200 2 "-" "insomnia/2022.4.2"
::1 - - [24/Jun/2022:13:42:25 +0000] "POST /customer HTTP/1.1" 500 136 "-" "insomnia/2022.4.2"
::1 - - [24/Jun/2022:13:44:26 +0000] "POST /customer HTTP/1.1" 200 2 "-" "insomnia/2022.4.2"
::1 - - [24/Jun/2022:13:50:20 +0000] "POST /customer HTTP/1.1" 200 226 "-" "insomnia/2022.4.2"
::1 - - [24/Jun/2022:13:51:06 +0000] "POST /customer HTTP/1.1" 200 248 "-" "insomnia/2022.4.2"
::1 - - [24/Jun/2022:13:51:29 +0000] "POST /customer HTTP/1.1" 200 248 "-" "insomnia/2022.4.2"
::1 - - [24/Jun/2022:13:53:33 +0000] "POST /customer HTTP/1.1" 200 358 "-" "insomnia/2022.4.2"
::1 - - [24/Jun/2022:13:53:39 +0000] "POST /customer HTTP/1.1" 200 358 "-" "insomnia/2022.4.2"
::1 - - [24/Jun/2022:13:54:06 +0000] "POST /customer HTTP/1.1" 200 312 "-" "insomnia/2022.4.2"
::1 - - [24/Jun/2022:13:54:11 +0000] "POST /customer HTTP/1.1" 200 312 "-" "insomnia/2022.4.2"
::1 - - [24/Jun/2022:13:54:40 +0000] "POST /customer HTTP/1.1" 200 312 "-" "insomnia/2022.4.2"
::1 - - [24/Jun/2022:13:54:44 +0000] "POST /customer HTTP/1.1" 200 312 "-" "insomnia/2022.4.2"
::1 - - [24/Jun/2022:13:54:49 +0000] "POST /customer HTTP/1.1" 200 312 "-" "insomnia/2022.4.2"
::1 - - [24/Jun/2022:13:56:39 +0000] "POST /customer HTTP/1.1" 200 356 "-" "insomnia/2022.4.2"
::1 - - [24/Jun/2022:14:00:04 +0000] "POST /customer HTTP/1.1" 200 444 "-" "insomnia/2022.4.2"
::1 - - [24/Jun/2022:14:05:02 +0000] "POST /customer HTTP/1.1" 200 726 "-" "insomnia/2022.4.2"
::1 - - [24/Jun/2022:14:12:43 +0000] "POST /customer HTTP/1.1" 200 356 "-" "insomnia/2022.4.2"
::1 - - [24/Jun/2022:14:13:38 +0000] "POST /customer HTTP/1.1" 200 594 "-" "insomnia/2022.4.2"
::1 - - [24/Jun/2022:14:14:03 +0000] "POST /customer HTTP/1.1" 200 581 "-" "insomnia/2022.4.2"
::1 - - [24/Jun/2022:14:15:11 +0000] "POST /customer HTTP/1.1" 500 128 "-" "insomnia/2022.4.2"
::1 - - [24/Jun/2022:14:15:31 +0000] "POST /customer HTTP/1.1" 200 726 "-" "insomnia/2022.4.2"
::1 - - [24/Jun/2022:14:17:59 +0000] "POST /customer HTTP/1.1" 200 293 "-" "insomnia/2022.4.2"
::1 - - [24/Jun/2022:14:18:31 +0000] "POST /customer HTTP/1.1" 500 128 "-" "insomnia/2022.4.2"
::1 - - [24/Jun/2022:14:26:40 +0000] "POST /customer HTTP/1.1" 500 128 "-" "insomnia/2022.4.2"
::1 - - [24/Jun/2022:14:31:22 +0000] "POST /customer HTTP/1.1" 409 39 "-" "insomnia/2022.4.2"
::1 - - [24/Jun/2022:14:31:34 +0000] "POST /customer HTTP/1.1" 409 42 "-" "insomnia/2022.4.2"
::1 - - [24/Jun/2022:14:42:06 +0000] "POST /customer HTTP/1.1" 409 42 "-" "insomnia/2022.4.2"
::1 - - [24/Jun/2022:14:42:11 +0000] "POST /customer HTTP/1.1" 409 39 "-" "insomnia/2022.4.2"
::1 - - [24/Jun/2022:14:42:21 +0000] "POST /customer HTTP/1.1" 200 295 "-" "insomnia/2022.4.2"
::1 - - [24/Jun/2022:17:48:04 +0000] "POST /customer HTTP/1.1" 500 72 "-" "insomnia/2022.4.2"
::1 - - [24/Jun/2022:17:48:38 +0000] "POST /customer HTTP/1.1" 500 72 "-" "insomnia/2022.4.2"
::1 - - [24/Jun/2022:17:48:42 +0000] "POST /customer HTTP/1.1" 500 72 "-" "insomnia/2022.4.2"
::1 - - [24/Jun/2022:17:48:44 +0000] "POST /customer HTTP/1.1" 500 72 "-" "insomnia/2022.4.2"
::1 - - [24/Jun/2022:17:48:47 +0000] "POST /customer HTTP/1.1" 500 72 "-" "insomnia/2022.4.2"
::1 - - [24/Jun/2022:17:48:47 +0000] "POST /customer HTTP/1.1" 500 72 "-" "insomnia/2022.4.2"
::1 - - [24/Jun/2022:17:48:49 +0000] "POST /customer HTTP/1.1" 500 72 "-" "insomnia/2022.4.2"
::1 - - [24/Jun/2022:17:49:16 +0000] "POST /customer HTTP/1.1" 500 72 "-" "insomnia/2022.4.2"
::1 - - [24/Jun/2022:17:49:18 +0000] "POST /customer HTTP/1.1" 500 72 "-" "insomnia/2022.4.2"
::1 - - [24/Jun/2022:17:51:30 +0000] "POST /customer HTTP/1.1" 500 72 "-" "insomnia/2022.4.2"
::1 - - [24/Jun/2022:17:51:38 +0000] "POST /customer HTTP/1.1" 500 72 "-" "insomnia/2022.4.2"
::1 - - [24/Jun/2022:18:09:11 +0000] "POST /customer HTTP/1.1" 400 37 "-" "insomnia/2022.4.2"
::1 - - [24/Jun/2022:18:09:17 +0000] "POST /customer HTTP/1.1" 200 293 "-" "insomnia/2022.4.2"
::1 - - [24/Jun/2022:18:09:28 +0000] "POST /customer HTTP/1.1" 409 39 "-" "insomnia/2022.4.2"
::1 - - [24/Jun/2022:18:11:07 +0000] "POST /customer HTTP/1.1" 400 50 "-" "insomnia/2022.4.2"
::1 - - [24/Jun/2022:18:11:20 +0000] "POST /customer HTTP/1.1" 400 36 "-" "insomnia/2022.4.2"
::1 - - [24/Jun/2022:18:12:24 +0000] "POST /customer HTTP/1.1" 200 309 "-" "insomnia/2022.4.2"
::1 - - [24/Jun/2022:18:14:59 +0000] "POST /customer HTTP/1.1" 200 450 "-" "insomnia/2022.4.2"
::1 - - [24/Jun/2022:18:17:32 +0000] "POST /customer HTTP/1.1" 400 40 "-" "insomnia/2022.4.2"
::1 - - [24/Jun/2022:18:17:39 +0000] "POST /customer HTTP/1.1" 400 37 "-" "insomnia/2022.4.2"
::1 - - [24/Jun/2022:18:17:45 +0000] "POST /customer HTTP/1.1" 400 40 "-" "insomnia/2022.4.2"
::1 - - [24/Jun/2022:18:17:58 +0000] "POST /customer HTTP/1.1" 200 450 "-" "insomnia/2022.4.2"
::1 - - [24/Jun/2022:18:21:16 +0000] "POST /customer HTTP/1.1" 200 286 "-" "insomnia/2022.4.2"
::1 - - [24/Jun/2022:18:23:41 +0000] "POST /customer HTTP/1.1" 200 374 "-" "insomnia/2022.4.2"
::1 - - [24/Jun/2022:18:28:12 +0000] "POST /customer HTTP/1.1" 200 361 "-" "insomnia/2022.4.2"
::1 - - [24/Jun/2022:18:36:38 +0000] "POST /customer HTTP/1.1" 400 28 "-" "insomnia/2022.4.2"
::1 - - [24/Jun/2022:18:37:01 +0000] "POST /customer HTTP/1.1" 200 364 "-" "insomnia/2022.4.2"
::1 - - [24/Jun/2022:18:37:10 +0000] "POST /customer HTTP/1.1" 409 39 "-" "insomnia/2022.4.2"
::1 - - [27/Jun/2022:13:42:56 +0000] "POST /customer HTTP/1.1" 400 37 "-" "insomnia/2022.4.2"
::1 - - [27/Jun/2022:13:43:08 +0000] "POST /customer HTTP/1.1" 400 37 "-" "insomnia/2022.4.2"
::1 - - [27/Jun/2022:13:43:12 +0000] "POST /customer HTTP/1.1" 400 37 "-" "insomnia/2022.4.2"
::1 - - [27/Jun/2022:13:43:19 +0000] "POST /customer HTTP/1.1" 200 365 "-" "insomnia/2022.4.2"
::1 - - [27/Jun/2022:13:43:47 +0000] "POST /customer HTTP/1.1" 200 364 "-" "insomnia/2022.4.2"
::1 - - [27/Jun/2022:13:45:51 +0000] "POST /customer HTTP/1.1" 409 39 "-" "insomnia/2022.4.2"
::1 - - [27/Jun/2022:13:46:20 +0000] "POST /customer HTTP/1.1" 200 382 "-" "insomnia/2022.4.2"
::1 - - [27/Jun/2022:13:49:44 +0000] "POST /customer HTTP/1.1" 400 28 "-" "insomnia/2022.4.2"
::1 - - [27/Jun/2022:13:50:12 +0000] "POST /customer HTTP/1.1" 400 28 "-" "insomnia/2022.4.2"
::1 - - [27/Jun/2022:13:50:13 +0000] "POST /customer HTTP/1.1" 400 28 "-" "insomnia/2022.4.2"
::1 - - [27/Jun/2022:13:50:18 +0000] "POST /customer HTTP/1.1" 200 383 "-" "insomnia/2022.4.2"
::1 - - [27/Jun/2022:13:58:32 +0000] "POST /customer HTTP/1.1" 200 383 "-" "insomnia/2022.4.2"
::1 - - [27/Jun/2022:13:58:58 +0000] "POST /customer HTTP/1.1" 400 29 "-" "insomnia/2022.4.2"
::1 - - [27/Jun/2022:14:21:47 +0000] "POST /customer HTTP/1.1" 200 383 "-" "insomnia/2022.4.2"
::1 - - [27/Jun/2022:14:22:20 +0000] "GET /customer/66fad36a-d47a-445d-bd30-988779ce1a58 HTTP/1.1" 200 2 "-" "insomnia/2022.4.2"
::1 - - [27/Jun/2022:14:23:37 +0000] "GET /customer/66fad36a-d47a-445d-bd30-988779ce1a58 HTTP/1.1" 200 472 "-" "insomnia/2022.4.2"
::1 - - [27/Jun/2022:14:24:21 +0000] "GET /customer/66fad36a-d47a-445d-bd30-988779ce1a56 HTTP/1.1" 200 4 "-" "insomnia/2022.4.2"
::1 - - [27/Jun/2022:14:24:31 +0000] "GET /customer/ HTTP/1.1" 404 22 "-" "insomnia/2022.4.2"
::1 - - [27/Jun/2022:14:24:32 +0000] "GET /customer/ HTTP/1.1" 404 22 "-" "insomnia/2022.4.2"
::1 - - [27/Jun/2022:14:24:33 +0000] "GET /customer/ HTTP/1.1" 404 22 "-" "insomnia/2022.4.2"
::1 - - [27/Jun/2022:14:24:36 +0000] "GET /customer/66fad36a-d47a-445d-bd30-988779ce1a58 HTTP/1.1" 200 472 "-" "insomnia/2022.4.2"
::1 - - [27/Jun/2022:14:29:08 +0000] "GET /customer/66fad36a-d47a-445d-bd30-988779ce1a58 HTTP/1.1" 200 470 "-" "insomnia/2022.4.2"
::1 - - [27/Jun/2022:14:29:11 +0000] "GET /customer/66fad36a-d47a-445d-bd30-988779ce1a58 HTTP/1.1" 200 470 "-" "insomnia/2022.4.2"
::1 - - [27/Jun/2022:14:29:12 +0000] "GET /customer/66fad36a-d47a-445d-bd30-988779ce1a58 HTTP/1.1" 200 470 "-" "insomnia/2022.4.2"
::1 - - [27/Jun/2022:14:29:31 +0000] "GET /customer/66fad36a-d47a-445d-bd30-988779ce1a58 HTTP/1.1" 200 396 "-" "insomnia/2022.4.2"
::1 - - [27/Jun/2022:14:29:32 +0000] "GET /customer/66fad36a-d47a-445d-bd30-988779ce1a58 HTTP/1.1" 200 396 "-" "insomnia/2022.4.2"
::1 - - [27/Jun/2022:14:29:33 +0000] "GET /customer/66fad36a-d47a-445d-bd30-988779ce1a58 HTTP/1.1" 200 396 "-" "insomnia/2022.4.2"
::1 - - [27/Jun/2022:14:46:37 +0000] "GET /customer/66fad36a-d47a-445d-bd30-988779ce1a58 HTTP/1.1" 500 103 "-" "insomnia/2022.4.2"
::1 - - [27/Jun/2022:14:47:02 +0000] "GET /customer/66fad36a-d47a-445d-bd30-988779ce1a58 HTTP/1.1" 200 396 "-" "insomnia/2022.4.2"
::1 - - [27/Jun/2022:14:47:07 +0000] "GET /customer/66fad36a-d47a-445d-bd30-988779ce1a5 HTTP/1.1" 500 122 "-" "insomnia/2022.4.2"
::1 - - [27/Jun/2022:14:50:39 +0000] "GET /customer/66fad36a-d47a-445d-bd30-988779ce1a5 HTTP/1.1" 200 27 "-" "insomnia/2022.4.2"
::1 - - [27/Jun/2022:14:51:55 +0000] "GET /customer/66fad36a-d47a-445d-bd30-988779ce1a5 HTTP/1.1" 400 43 "-" "insomnia/2022.4.2"
::1 - - [27/Jun/2022:14:51:58 +0000] "GET /customer/66fad36a-d47a-445d-bd30-988779ce1a58 HTTP/1.1" 200 396 "-" "insomnia/2022.4.2"
::1 - - [27/Jun/2022:14:52:06 +0000] "GET /customer/66fad36a-d47a-445d-bd30-988779ce1a5 HTTP/1.1" 400 43 "-" "insomnia/2022.4.2"
::1 - - [27/Jun/2022:14:53:14 +0000] "GET /customer/66fad36a-d47a-445d-bd30-988779ce1a5 HTTP/1.1" 400 89 "-" "insomnia/2022.4.2"
::1 - - [27/Jun/2022:14:54:43 +0000] "GET /customer/4d19668a-5175-40d9-8733-bf603a3fa63f HTTP/1.1" 400 33 "-" "insomnia/2022.4.2"
